sample/build/intermediates/manifest_merge_blame_file/debug/manifest-merger-blame-debug-report.txt
1<?xml version="1.0" encoding="utf-8"?>
2<manifest xmlns:android="http://schemas.android.com/apk/res/android"
3    package="com.parkly.SmartAlert.sample" >
4
5    <uses-sdk
6        android:minSdkVersion="9"
6-->src/main/AndroidManifest.xml
7        android:targetSdkVersion="30" />
7-->src/main/AndroidManifest.xml
8
9    <application
9-->src/main/AndroidManifest.xml:4:5-12:19
10        android:allowBackup="true"
10-->[com.pnikosis:materialish-progress:1.0] AndroidManifest.xml:12:9-35
11        android:debuggable="true"
12        android:icon="@drawable/ic_launcher"
12-->src/main/AndroidManifest.xml:4:51-87
13        android:label="@string/app_name"
13-->src/main/AndroidManifest.xml:4:18-50
14        android:testOnly="true"
15        android:theme="@android:style/Theme.NoTitleBar" >
15-->src/main/AndroidManifest.xml:4:88-135
16        <activity
16-->src/main/AndroidManifest.xml:5:9-11:20
17            android:name="com.parkly.SmartAlert.sample.SampleActivity"
17-->src/main/AndroidManifest.xml:5:19-77
18            android:label="@string/app_name" >
18-->src/main/AndroidManifest.xml:6:19-51
19            <intent-filter>
19-->src/main/AndroidManifest.xml:7:13-10:29
20                <action android:name="android.intent.action.MAIN" />
20-->src/main/AndroidManifest.xml:8:17-68
20-->src/main/AndroidManifest.xml:8:25-66
21
22                <category android:name="android.intent.category.LAUNCHER" />
22-->src/main/AndroidManifest.xml:9:17-76
22-->src/main/AndroidManifest.xml:9:27-74
23            </intent-filter>
24        </activity>
25    </application>
26
27</manifest>